<?xml version="1.0" encoding="UTF-8"?>
<testng-results ignored="0" total="1" passed="1" failed="0" skipped="0">
  <reporter-output>
  </reporter-output>
  <suite started-at="2023-08-12T19:17:34 IST" name="Default suite" finished-at="2023-08-12T19:17:36 IST" duration-ms="1411">
    <groups>
    </groups>
    <test started-at="2023-08-12T19:17:34 IST" name="Default test" finished-at="2023-08-12T19:17:36 IST" duration-ms="1411">
      <class name="Sumvalidation">
        <test-method signature="sumofcourses()[pri:0, instance:Sumvalidation@2a79d4b1]" started-at="2023-08-12T19:17:34 IST" name="sumofcourses" finished-at="2023-08-12T19:17:36 IST" duration-ms="1371" status="PASS">
          <reporter-output>
          </reporter-output>
        </test-method> <!-- sumofcourses -->
      </class> <!-- Sumvalidation -->
    </test> <!-- Default test -->
  </suite> <!-- Default suite -->
</testng-results>
